[0.006s] Invoking command in '/home/parallels/dev/ros2/fishros/chapt3/topic_practice_ws/build/status_display': CMAKE_PREFIX_PATH=${CMAKE_PREFIX_PATH}:/home/parallels/dev/ros2/fishros/chapt3/topic_practice_ws/install/status_publisher:/opt/ros/jazzy DEBUGINFOD_URLS=https://debuginfod.ubuntu.com PYTHONPATH=/home/parallels/dev/ros2/fishros/chapt3/topic_practice_ws/install/status_interfaces/lib/python3.12/site-packages:/home/parallels/dev/ros2/fishros/chapt3/topic_practice_ws/install/status_publisher/lib/python3.12/site-packages:/opt/ros/jazzy/lib/python3.12/site-packages /usr/bin/cmake --build /home/parallels/dev/ros2/fishros/chapt3/topic_practice_ws/build/status_display -- -j2 -l2
[0.094s] [ 50%] [32mBuilding CXX object CMakeFiles/hello_qt.dir/src/hello_qt.cpp.o[0m
[0.965s] [01m[K/home/parallels/dev/ros2/fishros/chapt3/topic_practice_ws/src/status_display/src/hello_qt.cpp:[m[K In function â€˜[01m[Kint[01;32m[K main[m[K(int, char**)[m[Kâ€™:
[0.965s] [01m[K/home/parallels/dev/ros2/fishros/chapt3/topic_practice_ws/src/status_display/src/hello_qt.cpp:10:11:[m[K [01;31m[Kerror: [m[Krequest for member â€˜[01m[KsetText[m[Kâ€™ in â€˜[01m[Klabel[m[Kâ€™, which is of pointer type â€˜[01m[KQLabel*[m[Kâ€™ (maybe you meant to use â€˜[01m[K->[m[Kâ€™ ?)
[0.965s]    10 |     label.[01;31m[KsetText[m[K(message);
[0.965s]       |           [01;31m[K^~~~~~~[m[K
[0.967s] [01m[K/home/parallels/dev/ros2/fishros/chapt3/topic_practice_ws/src/status_display/src/hello_qt.cpp:11:11:[m[K [01;31m[Kerror: [m[Krequest for member â€˜[01m[Kshow[m[Kâ€™ in â€˜[01m[Klabel[m[Kâ€™, which is of pointer type â€˜[01m[KQLabel*[m[Kâ€™ (maybe you meant to use â€˜[01m[K->[m[Kâ€™ ?)
[0.967s]    11 |     label.[01;31m[Kshow[m[K();
[0.967s]       |           [01;31m[K^~~~[m[K
[1.026s] gmake[2]: *** [CMakeFiles/hello_qt.dir/build.make:76: CMakeFiles/hello_qt.dir/src/hello_qt.cpp.o] Error 1
[1.026s] gmake[1]: *** [CMakeFiles/Makefile2:137: CMakeFiles/hello_qt.dir/all] Error 2
[1.027s] gmake: *** [Makefile:146: all] Error 2
[1.029s] Invoked command in '/home/parallels/dev/ros2/fishros/chapt3/topic_practice_ws/build/status_display' returned '2': CMAKE_PREFIX_PATH=${CMAKE_PREFIX_PATH}:/home/parallels/dev/ros2/fishros/chapt3/topic_practice_ws/install/status_publisher:/opt/ros/jazzy DEBUGINFOD_URLS=https://debuginfod.ubuntu.com PYTHONPATH=/home/parallels/dev/ros2/fishros/chapt3/topic_practice_ws/install/status_interfaces/lib/python3.12/site-packages:/home/parallels/dev/ros2/fishros/chapt3/topic_practice_ws/install/status_publisher/lib/python3.12/site-packages:/opt/ros/jazzy/lib/python3.12/site-packages /usr/bin/cmake --build /home/parallels/dev/ros2/fishros/chapt3/topic_practice_ws/build/status_display -- -j2 -l2
