[01m[K/home/parallels/dev/ros2/fishros/chapt4/chapt4_ws/src/demo_cpp_service/src/turtle_control.cpp:[m[K In lambda function:
[01m[K/home/parallels/dev/ros2/fishros/chapt4/chapt4_ws/src/demo_cpp_service/src/turtle_control.cpp:37:54:[m[K [01;31m[Kerror: [m[Kâ€˜[01m[KSUCCESS[m[Kâ€™ is not a member of â€˜[01m[Kchapt4_interfaces::srv::Patrol::Response[m[Kâ€™ {aka â€˜[01m[Kchapt4_interfaces::srv::Patrol_Response_<std::allocator<void> >[m[Kâ€™}
   37 |                 response->result = Patrol::Response::[01;31m[KSUCCESS[m[K;
      |                                                      [01;31m[K^~~~~~~[m[K
gmake[2]: *** [CMakeFiles/turtle_control.dir/build.make:76: CMakeFiles/turtle_control.dir/src/turtle_control.cpp.o] Error 1
gmake[1]: *** [CMakeFiles/Makefile2:137: CMakeFiles/turtle_control.dir/all] Error 2
gmake: *** [Makefile:146: all] Error 2
