[0.004s] Invoking command in '/home/parallels/dev/ros2/fishros/chapt4/chapt4_ws/build/demo_cpp_service': AMENT_PREFIX_PATH=/home/parallels/dev/ros2/fishros/chapt4/chapt4_ws/install/chapt4_interfaces:${AMENT_PREFIX_PATH} CMAKE_PREFIX_PATH=/home/parallels/dev/ros2/fishros/chapt4/chapt4_ws/install/chapt4_interfaces:/opt/ros/jazzy/opt/gz_math_vendor:/opt/ros/jazzy/opt/gz_utils_vendor:/opt/ros/jazzy/opt/gz_cmake_vendor:/opt/ros/jazzy DEBUGINFOD_URLS=https://debuginfod.ubuntu.com LD_LIBRARY_PATH=/home/parallels/dev/ros2/fishros/chapt4/chapt4_ws/install/chapt4_interfaces/lib:${LD_LIBRARY_PATH} PYTHONPATH=/home/parallels/dev/ros2/fishros/chapt4/chapt4_ws/install/chapt4_interfaces/lib/python3.12/site-packages:${PYTHONPATH} /usr/bin/cmake --build /home/parallels/dev/ros2/fishros/chapt4/chapt4_ws/build/demo_cpp_service -- -j4 -l4
[0.035s] [ 50%] Built target turtle_control
[0.037s] [ 75%] [32mBuilding CXX object CMakeFiles/patrol_client.dir/src/patrol_client.cpp.o[0m
[0.150s] [01m[K/home/parallels/dev/ros2/fishros/chapt4/chapt4_ws/src/demo_cpp_service/src/patrol_client.cpp:4:1:[m[K [01;31m[Kerror: [m[Kextended character ï¼ƒ is not valid in an identifier
[0.150s]     4 | [01;31m[Kï¼ƒ[m[Kinclude <ctime>
[0.150s]       | [01;31m[K^[m[K
[0.979s] [01m[K/home/parallels/dev/ros2/fishros/chapt4/chapt4_ws/src/demo_cpp_service/src/patrol_client.cpp:4:1:[m[K [01;31m[Kerror: [m[Kâ€˜[01m[Kï¼ƒinclude[m[Kâ€™ does not name a type
[0.979s]     4 | [01;31m[Kï¼ƒinclude[m[K <ctime>
[0.979s]       | [01;31m[K^~~~~~~~~[m[K
[0.980s] [01m[K/home/parallels/dev/ros2/fishros/chapt4/chapt4_ws/src/demo_cpp_service/src/patrol_client.cpp:12:20:[m[K [01;31m[Kerror: [m[Kâ€˜[01m[KPatrol[m[Kâ€™ was not declared in this scope; did you mean â€˜[01m[Kchapt4_interfaces::srv::Patrol[m[Kâ€™?
[0.980s]    12 |     rclcpp::Client<[01;31m[KPatrol[m[K>::SharedPtr client_;
[0.980s]       |                    [01;31m[K^~~~~~[m[K
[0.980s]       |                    [32m[Kchapt4_interfaces::srv::Patrol[m[K
[0.980s] In file included from [01m[K/home/parallels/dev/ros2/fishros/chapt4/chapt4_ws/install/chapt4_interfaces/include/chapt4_interfaces/chapt4_interfaces/srv/patrol.hpp:7[m[K,
[0.980s]                  from [01m[K/home/parallels/dev/ros2/fishros/chapt4/chapt4_ws/src/demo_cpp_service/src/patrol_client.cpp:2[m[K:
[0.981s] [01m[K/home/parallels/dev/ros2/fishros/chapt4/chapt4_ws/install/chapt4_interfaces/include/chapt4_interfaces/chapt4_interfaces/srv/detail/patrol__struct.hpp:417:8:[m[K [01;36m[Knote: [m[Kâ€˜[01m[Kchapt4_interfaces::srv::Patrol[m[Kâ€™ declared here
[0.981s]   417 | struct [01;36m[KPatrol[m[K
[0.981s]       |        [01;36m[K^~~~~~[m[K
[0.981s] [01m[K/home/parallels/dev/ros2/fishros/chapt4/chapt4_ws/src/demo_cpp_service/src/patrol_client.cpp:12:26:[m[K [01;31m[Kerror: [m[Ktemplate argument 1 is invalid
[0.981s]    12 |     rclcpp::Client<Patrol[01;31m[K>[m[K::SharedPtr client_;
[0.981s]       |                          [01;31m[K^[m[K
[0.981s] [01m[K/home/parallels/dev/ros2/fishros/chapt4/chapt4_ws/src/demo_cpp_service/src/patrol_client.cpp:12:29:[m[K [01;31m[Kerror: [m[Kexpected â€˜[01m[K;[m[Kâ€™ at end of member declaration
[0.981s]    12 |     rclcpp::Client<Patrol>::[01;31m[KSharedPtr[m[K client_;
[0.981s]       |                             [01;31m[K^~~~~~~~~[m[K
[0.981s]       |                                      [32m[K;[m[K
[0.981s] [01m[K/home/parallels/dev/ros2/fishros/chapt4/chapt4_ws/src/demo_cpp_service/src/patrol_client.cpp:12:39:[m[K [01;31m[Kerror: [m[Kâ€˜[01m[Kclient_[m[Kâ€™ does not name a type
[0.981s]    12 |     rclcpp::Client<Patrol>::SharedPtr [01;31m[Kclient_[m[K;
[0.981s]       |                                       [01;31m[K^~~~~~~[m[K
[0.986s] [01m[K/home/parallels/dev/ros2/fishros/chapt4/chapt4_ws/src/demo_cpp_service/src/patrol_client.cpp:[m[K In constructor â€˜[01m[KPatrolClient::[01;32m[KPatrolClient[m[K(const std::string&)[m[Kâ€™:
[0.986s] [01m[K/home/parallels/dev/ros2/fishros/chapt4/chapt4_ws/src/demo_cpp_service/src/patrol_client.cpp:20:9:[m[K [01;31m[Kerror: [m[Kâ€˜[01m[Kclient_[m[Kâ€™ was not declared in this scope
[0.986s]    20 |         [01;31m[Kclient_[m[K = this->create_client<Patrol>("patrol");
[0.986s]       |         [01;31m[K^~~~~~~[m[K
[0.987s] [01m[K/home/parallels/dev/ros2/fishros/chapt4/chapt4_ws/src/demo_cpp_service/src/patrol_client.cpp:20:39:[m[K [01;31m[Kerror: [m[Kâ€˜[01m[KPatrol[m[Kâ€™ was not declared in this scope; did you mean â€˜[01m[Kchapt4_interfaces::srv::Patrol[m[Kâ€™?
[0.987s]    20 |         client_ = this->create_client<[01;31m[KPatrol[m[K>("patrol");
[0.987s]       |                                       [01;31m[K^~~~~~[m[K
[0.987s]       |                                       [32m[Kchapt4_interfaces::srv::Patrol[m[K
[0.987s] [01m[K/home/parallels/dev/ros2/fishros/chapt4/chapt4_ws/install/chapt4_interfaces/include/chapt4_interfaces/chapt4_interfaces/srv/detail/patrol__struct.hpp:417:8:[m[K [01;36m[Knote: [m[Kâ€˜[01m[Kchapt4_interfaces::srv::Patrol[m[Kâ€™ declared here
[0.987s]   417 | struct [01;36m[KPatrol[m[K
[0.987s]       |        [01;36m[K^~~~~~[m[K
[0.987s] [01m[K/home/parallels/dev/ros2/fishros/chapt4/chapt4_ws/src/demo_cpp_service/src/patrol_client.cpp:20:46:[m[K [01;31m[Kerror: [m[Kno matching function for call to â€˜[01m[KPatrolClient::create_client<<expression error> >(const char [7])[m[Kâ€™
[0.987s]    20 |         client_ = [01;31m[Kthis->create_client<Patrol>("patrol")[m[K;
[0.987s]       |                   [01;31m[K~~~~~~~~~~~~~~~~~~~~~~~~~~~^~~~~~~~~~[m[K
[0.987s] In file included from [01m[K/opt/ros/jazzy/include/rclcpp/rclcpp/executors/single_threaded_executor.hpp:28[m[K,
[0.987s]                  from [01m[K/opt/ros/jazzy/include/rclcpp/rclcpp/executors.hpp:22[m[K,
[0.987s]                  from [01m[K/opt/ros/jazzy/include/rclcpp/rclcpp/rclcpp.hpp:172[m[K,
[0.987s]                  from [01m[K/home/parallels/dev/ros2/fishros/chapt4/chapt4_ws/src/demo_cpp_service/src/patrol_client.cpp:1[m[K:
[0.987s] [01m[K/opt/ros/jazzy/include/rclcpp/rclcpp/node.hpp:271:3:[m[K [01;36m[Knote: [m[Kcandidate: â€˜[01m[Ktemplate<class ServiceT> typename rclcpp::Client<ServiceT>::SharedPtr rclcpp::Node::[01;32m[Kcreate_client[m[K(const std::string&, const rmw_qos_profile_t&, rclcpp::CallbackGroup::SharedPtr)[m[Kâ€™
[0.987s]   271 |   [01;36m[Kcreate_client[m[K(
[0.987s]       |   [01;36m[K^~~~~~~~~~~~~[m[K
[0.987s] [01m[K/opt/ros/jazzy/include/rclcpp/rclcpp/node.hpp:271:3:[m[K [01;36m[Knote: [m[K  candidate expects 2 arguments, 1 provided
[0.987s] [01m[K/opt/ros/jazzy/include/rclcpp/rclcpp/node.hpp:285:3:[m[K [01;36m[Knote: [m[Kcandidate: â€˜[01m[Ktemplate<class ServiceT> typename rclcpp::Client<ServiceT>::SharedPtr rclcpp::Node::[01;32m[Kcreate_client[m[K(const std::string&, const rclcpp::QoS&, rclcpp::CallbackGroup::SharedPtr)[m[Kâ€™
[0.987s]   285 |   [01;36m[Kcreate_client[m[K(
[0.987s]       |   [01;36m[K^~~~~~~~~~~~~[m[K
[0.987s] [01m[K/opt/ros/jazzy/include/rclcpp/rclcpp/node.hpp:285:3:[m[K [01;36m[Knote: [m[K  template argument deduction/substitution failed:
[0.987s] [01m[K/home/parallels/dev/ros2/fishros/chapt4/chapt4_ws/src/demo_cpp_service/src/patrol_client.cpp:20:46:[m[K [01;31m[Kerror: [m[Ktemplate argument 1 is invalid
[0.987s]    20 |         client_ = [01;31m[Kthis->create_client<Patrol>("patrol")[m[K;
[0.987s]       |                   [01;31m[K~~~~~~~~~~~~~~~~~~~~~~~~~~~^~~~~~~~~~[m[K
[0.987s] [01m[K/home/parallels/dev/ros2/fishros/chapt4/chapt4_ws/src/demo_cpp_service/src/patrol_client.cpp:[m[K In lambda function:
[0.987s] [01m[K/home/parallels/dev/ros2/fishros/chapt4/chapt4_ws/src/demo_cpp_service/src/patrol_client.cpp:23:27:[m[K [01;31m[Kerror: [m[Kâ€˜[01m[Kclass PatrolClient[m[Kâ€™ has no member named â€˜[01m[Kclient_[m[Kâ€™
[0.987s]    23 |             while (!this->[01;31m[Kclient_[m[K->wait_for_service(1s))
[0.988s]       |                           [01;31m[K^~~~~~~[m[K
[0.988s] [01m[K/home/parallels/dev/ros2/fishros/chapt4/chapt4_ws/src/demo_cpp_service/src/patrol_client.cpp:34:33:[m[K [01;31m[Kerror: [m[Kparse error in template argument list
[0.988s]    34 |             auto request = std::[01;31m[Kmake_shared<Patrol::Request>[m[K();
[0.988s]       |                                 [01;31m[K^~~~~~~~~~~~~~~~~~~~~~~~~~~~[m[K
[0.988s] [01m[K/home/parallels/dev/ros2/fishros/chapt4/chapt4_ws/src/demo_cpp_service/src/patrol_client.cpp:34:61:[m[K [01;31m[Kerror: [m[Kno matching function for call to â€˜[01m[Kmake_shared<<expression error> >()[m[Kâ€™
[0.988s]    34 |             auto request = [01;31m[Kstd::make_shared<Patrol::Request>()[m[K;
[0.988s]       |                            [01;31m[K~~~~~~~~~~~~~~~~~~~~~~~~~~~~~~~~~^~[m[K
[0.988s] In file included from [01m[K/usr/include/c++/13/memory:80[m[K,
[0.988s]                  from [01m[K/opt/ros/jazzy/include/rclcpp/rclcpp/rclcpp.hpp:169[m[K:
[0.988s] [01m[K/usr/include/c++/13/bits/shared_ptr.h:1005:5:[m[K [01;36m[Knote: [m[Kcandidate: â€˜[01m[Ktemplate<class _Tp, class ... _Args> std::shared_ptr<typename std::enable_if<(! std::is_array< <template-parameter-1-1> >::value), _Tp>::type> std::[01;32m[Kmake_shared[m[K(_Args&& ...)[m[Kâ€™
[0.988s]  1005 |     [01;36m[Kmake_shared[m[K(_Args&&... __args)
[0.988s]       |     [01;36m[K^~~~~~~~~~~[m[K
[0.988s] [01m[K/usr/include/c++/13/bits/shared_ptr.h:1005:5:[m[K [01;36m[Knote: [m[K  template argument deduction/substitution failed:
[0.988s] [01m[K/home/parallels/dev/ros2/fishros/chapt4/chapt4_ws/src/demo_cpp_service/src/patrol_client.cpp:34:61:[m[K [01;31m[Kerror: [m[Ktemplate argument 1 is invalid
[0.988s]    34 |             auto request = [01;31m[Kstd::make_shared<Patrol::Request>()[m[K;
[0.988s]       |                            [01;31m[K~~~~~~~~~~~~~~~~~~~~~~~~~~~~~~~~~^~[m[K
[0.991s] [01m[K/home/parallels/dev/ros2/fishros/chapt4/chapt4_ws/src/demo_cpp_service/src/patrol_client.cpp:39:13:[m[K [01;31m[Kerror: [m[Kâ€˜[01m[Kthis_[m[Kâ€™ was not declared in this scope; did you mean â€˜[01m[Kthis[m[Kâ€™?
[0.991s]    39 |             [01;31m[Kthis_[m[K>client_->async_send_request(request, [&](rclcpp::Client<Patrol>::SharedFuture result_future)-> void{
[0.991s]       |             [01;31m[K^~~~~[m[K
[0.991s]       |             [32m[Kthis[m[K
[0.991s] [01m[K/home/parallels/dev/ros2/fishros/chapt4/chapt4_ws/src/demo_cpp_service/src/patrol_client.cpp:39:81:[m[K [01;31m[Kerror: [m[Ktemplate argument 1 is invalid
[0.991s]    39 |             this_>client_->async_send_request(request, [&](rclcpp::Client<Patrol[01;31m[K>[m[K::SharedFuture result_future)-> void{
[0.991s]       |                                                                                 [01;31m[K^[m[K
[0.991s] [01m[K/home/parallels/dev/ros2/fishros/chapt4/chapt4_ws/src/demo_cpp_service/src/patrol_client.cpp:39:97:[m[K [01;31m[Kerror: [m[Kexpected â€˜[01m[K,[m[Kâ€™ or â€˜[01m[K...[m[Kâ€™ before â€˜[01m[Kresult_future[m[Kâ€™
[0.991s]    39 |             this_>client_->async_send_request(request, [&](rclcpp::Client<Patrol>::SharedFuture [01;31m[Kresult_future[m[K)-> void{
[0.991s]       |                                                                                                 [01;31m[K^~~~~~~~~~~~~[m[K
[0.996s] [01m[K/home/parallels/dev/ros2/fishros/chapt4/chapt4_ws/src/demo_cpp_service/src/patrol_client.cpp:[m[K In lambda function:
[0.996s] [01m[K/home/parallels/dev/ros2/fishros/chapt4/chapt4_ws/src/demo_cpp_service/src/patrol_client.cpp:40:33:[m[K [01;31m[Kerror: [m[Kâ€˜[01m[Kresult_future[m[Kâ€™ was not declared in this scope
[0.996s]    40 |                 auto response = [01;31m[Kresult_future[m[K.get();
[0.996s]       |                                 [01;31m[K^~~~~~~~~~~~~[m[K
[0.996s] [01m[K/home/parallels/dev/ros2/fishros/chapt4/chapt4_ws/src/demo_cpp_service/src/patrol_client.cpp:41:40:[m[K [01;31m[Kerror: [m[Kâ€˜[01m[KPatrol[m[Kâ€™ is not a class, namespace, or enumeration
[0.996s]    41 |                 if(response->result == [01;31m[KPatrol[m[K::Response::SUCCESS)
[0.996s]       |                                        [01;31m[K^~~~~~[m[K
[0.996s] [01m[K/home/parallels/dev/ros2/fishros/chapt4/chapt4_ws/src/demo_cpp_service/src/patrol_client.cpp:45:40:[m[K [01;31m[Kerror: [m[Kâ€˜[01m[KPatrol[m[Kâ€™ is not a class, namespace, or enumeration
[0.996s]    45 |                 if(response->result == [01;31m[KPatrol[m[K::Response::FAIL)
[0.996s]       |                                        [01;31m[K^~~~~~[m[K
[0.996s] [01m[K/home/parallels/dev/ros2/fishros/chapt4/chapt4_ws/src/demo_cpp_service/src/patrol_client.cpp:39:84:[m[K [01;35m[Kwarning: [m[Kunused parameter â€˜[01m[KSharedFuture[m[Kâ€™ [[01;35m[K]8;;https://gcc.gnu.org/onlinedocs/gcc/Warning-Options.html#index-Wunused-parameter-Wunused-parameter]8;;[m[K]
[0.996s]    39 |             this_>client_->async_send_request(request, [&]([01;35m[Krclcpp::Client<Patrol>::SharedFuture[m[K result_future)-> void{
[0.996s]       |                                                            [01;35m[K~~~~~~~~~~~~~~~~~~~~~~~~^~~~~~~~~~~~[m[K
[1.267s] gmake[2]: *** [CMakeFiles/patrol_client.dir/build.make:76: CMakeFiles/patrol_client.dir/src/patrol_client.cpp.o] Error 1
[1.267s] gmake[1]: *** [CMakeFiles/Makefile2:165: CMakeFiles/patrol_client.dir/all] Error 2
[1.268s] gmake: *** [Makefile:146: all] Error 2
[1.269s] Invoked command in '/home/parallels/dev/ros2/fishros/chapt4/chapt4_ws/build/demo_cpp_service' returned '2': AMENT_PREFIX_PATH=/home/parallels/dev/ros2/fishros/chapt4/chapt4_ws/install/chapt4_interfaces:${AMENT_PREFIX_PATH} CMAKE_PREFIX_PATH=/home/parallels/dev/ros2/fishros/chapt4/chapt4_ws/install/chapt4_interfaces:/opt/ros/jazzy/opt/gz_math_vendor:/opt/ros/jazzy/opt/gz_utils_vendor:/opt/ros/jazzy/opt/gz_cmake_vendor:/opt/ros/jazzy DEBUGINFOD_URLS=https://debuginfod.ubuntu.com LD_LIBRARY_PATH=/home/parallels/dev/ros2/fishros/chapt4/chapt4_ws/install/chapt4_interfaces/lib:${LD_LIBRARY_PATH} PYTHONPATH=/home/parallels/dev/ros2/fishros/chapt4/chapt4_ws/install/chapt4_interfaces/lib/python3.12/site-packages:${PYTHONPATH} /usr/bin/cmake --build /home/parallels/dev/ros2/fishros/chapt4/chapt4_ws/build/demo_cpp_service -- -j4 -l4
