[01m[K/home/parallels/dev/ros2/fishros/chapt4/chapt4_ws/src/demo_cpp_service/src/turtle_control.cpp:[m[K In lambda function:
[01m[K/home/parallels/dev/ros2/fishros/chapt4/chapt4_ws/src/demo_cpp_service/src/turtle_control.cpp:37:36:[m[K [01;31m[Kerror: [m[Kâ€˜[01m[KPartol[m[Kâ€™ has not been declared
   37 |                 response->result = [01;31m[KPartol[m[K::Response::SUCCESS;
      |                                    [01;31m[K^~~~~~[m[K
[01m[K/home/parallels/dev/ros2/fishros/chapt4/chapt4_ws/src/demo_cpp_service/src/turtle_control.cpp:41:36:[m[K [01;31m[Kerror: [m[Kâ€˜[01m[KPartol[m[Kâ€™ has not been declared
   41 |                 response->result = [01;31m[KPartol[m[K::Response::FAIL;
      |                                    [01;31m[K^~~~~~[m[K
gmake[2]: *** [CMakeFiles/turtle_control.dir/build.make:76: CMakeFiles/turtle_control.dir/src/turtle_control.cpp.o] Error 1
gmake[1]: *** [CMakeFiles/Makefile2:137: CMakeFiles/turtle_control.dir/all] Error 2
gmake: *** [Makefile:146: all] Error 2
