[0.018s] Invoking command in '/home/parallels/dev/ros2/fishros/chapt2/chapt2_ws/build/demo_cpp_pkg': CMAKE_PREFIX_PATH=${CMAKE_PREFIX_PATH}:/home/parallels/dev/ros2/fishros/chapt2/chapt2_ws/install/demo_python_pkg:/opt/ros/jazzy DEBUGINFOD_URLS=https://debuginfod.ubuntu.com /usr/bin/cmake --build /home/parallels/dev/ros2/fishros/chapt2/chapt2_ws/build/demo_cpp_pkg -- -j2 -l2
[0.063s] -- Found ament_cmake: 2.5.3 (/opt/ros/jazzy/share/ament_cmake/cmake)
[0.214s] -- Found rclcpp: 28.1.6 (/opt/ros/jazzy/share/rclcpp/cmake)
[0.239s] -- Found rosidl_generator_c: 4.6.5 (/opt/ros/jazzy/share/rosidl_generator_c/cmake)
[0.246s] -- Found rosidl_generator_cpp: 4.6.5 (/opt/ros/jazzy/share/rosidl_generator_cpp/cmake)
[0.256s] -- Using all available rosidl_typesupport_c: rosidl_typesupport_fastrtps_c;rosidl_typesupport_introspection_c
[0.270s] -- Using all available rosidl_typesupport_cpp: rosidl_typesupport_fastrtps_cpp;rosidl_typesupport_introspection_cpp
[0.304s] -- Found rmw_implementation_cmake: 7.3.1 (/opt/ros/jazzy/share/rmw_implementation_cmake/cmake)
[0.306s] -- Found rmw_fastrtps_cpp: 8.4.1 (/opt/ros/jazzy/share/rmw_fastrtps_cpp/cmake)
[0.340s] -- Using RMW implementation 'rmw_fastrtps_cpp' as default
[0.374s] -- Found ament_lint_auto: 0.17.1 (/opt/ros/jazzy/share/ament_lint_auto/cmake)
[0.425s] -- Added test 'cppcheck' to perform static code analysis on C / C++ code
[0.425s] -- Configured cppcheck include dirs: 
[0.425s] -- Configured cppcheck exclude dirs and/or files: 
[0.426s] -- Added test 'lint_cmake' to check CMake code style
[0.429s] -- Added test 'uncrustify' to check C / C++ code style
[0.429s] -- Configured uncrustify additional arguments: 
[0.429s] -- Added test 'xmllint' to check XML markup files
[0.430s] -- Configuring done (0.4s)
[0.439s] -- Generating done (0.0s)
[0.443s] -- Build files have been written to: /home/parallels/dev/ros2/fishros/chapt2/chapt2_ws/build/demo_cpp_pkg
[0.466s] [ 25%] [32mBuilding CXX object CMakeFiles/person_node.dir/src/person_node.cpp.o[0m
[0.473s] [ 75%] Built target demo_cpp_pkg
[0.502s] [01m[K/home/parallels/dev/ros2/fishros/chapt2/chapt2_ws/src/demo_cpp_pkg/src/person_node.cpp:1:10:[m[K [01;31m[Kfatal error: [m[Krclcpp/rclcpp.hpp: No such file or directory
[0.502s]     1 | #include [01;31m[K"rclcpp/rclcpp.hpp"[m[K
[0.502s]       |          [01;31m[K^~~~~~~~~~~~~~~~~~~[m[K
[0.502s] compilation terminated.
[0.504s] gmake[2]: *** [CMakeFiles/person_node.dir/build.make:76: CMakeFiles/person_node.dir/src/person_node.cpp.o] Error 1
[0.505s] gmake[1]: *** [CMakeFiles/Makefile2:165: CMakeFiles/person_node.dir/all] Error 2
[0.505s] gmake: *** [Makefile:146: all] Error 2
[0.508s] Invoked command in '/home/parallels/dev/ros2/fishros/chapt2/chapt2_ws/build/demo_cpp_pkg' returned '2': CMAKE_PREFIX_PATH=${CMAKE_PREFIX_PATH}:/home/parallels/dev/ros2/fishros/chapt2/chapt2_ws/install/demo_python_pkg:/opt/ros/jazzy DEBUGINFOD_URLS=https://debuginfod.ubuntu.com /usr/bin/cmake --build /home/parallels/dev/ros2/fishros/chapt2/chapt2_ws/build/demo_cpp_pkg -- -j2 -l2
