[0.010s] Invoking command in '/home/parallels/dev/ros2/fishros/chapt2/chapt2_ws/build/demo_cpp_pkg': CMAKE_PREFIX_PATH=${CMAKE_PREFIX_PATH}:/home/parallels/dev/ros2/fishros/chapt2/chapt2_ws/install/demo_python_pkg:/opt/ros/jazzy DEBUGINFOD_URLS=https://debuginfod.ubuntu.com /usr/bin/cmake --build /home/parallels/dev/ros2/fishros/chapt2/chapt2_ws/build/demo_cpp_pkg -- -j2 -l2
[0.091s] [ 75%] Built target demo_cpp_pkg
[0.091s] [ 75%] [32mBuilding CXX object CMakeFiles/person_node.dir/src/person_node.cpp.o[0m
[0.114s] [01m[K/home/parallels/dev/ros2/fishros/chapt2/chapt2_ws/src/demo_cpp_pkg/src/person_node.cpp:1:10:[m[K [01;31m[Kfatal error: [m[Krclcpp/rclcpp.hpp: No such file or directory
[0.114s]     1 | #include [01;31m[K"rclcpp/rclcpp.hpp"[m[K
[0.114s]       |          [01;31m[K^~~~~~~~~~~~~~~~~~~[m[K
[0.114s] compilation terminated.
[0.116s] gmake[2]: *** [CMakeFiles/person_node.dir/build.make:76: CMakeFiles/person_node.dir/src/person_node.cpp.o] Error 1
[0.116s] gmake[1]: *** [CMakeFiles/Makefile2:165: CMakeFiles/person_node.dir/all] Error 2
[0.116s] gmake: *** [Makefile:146: all] Error 2
[0.149s] Invoked command in '/home/parallels/dev/ros2/fishros/chapt2/chapt2_ws/build/demo_cpp_pkg' returned '2': CMAKE_PREFIX_PATH=${CMAKE_PREFIX_PATH}:/home/parallels/dev/ros2/fishros/chapt2/chapt2_ws/install/demo_python_pkg:/opt/ros/jazzy DEBUGINFOD_URLS=https://debuginfod.ubuntu.com /usr/bin/cmake --build /home/parallels/dev/ros2/fishros/chapt2/chapt2_ws/build/demo_cpp_pkg -- -j2 -l2
