-- Found ament_cmake: 2.5.3 (/opt/ros/jazzy/share/ament_cmake/cmake)
-- Found rclcpp: 28.1.6 (/opt/ros/jazzy/share/rclcpp/cmake)
-- Found rosidl_generator_c: 4.6.5 (/opt/ros/jazzy/share/rosidl_generator_c/cmake)
-- Found rosidl_generator_cpp: 4.6.5 (/opt/ros/jazzy/share/rosidl_generator_cpp/cmake)
-- Using all available rosidl_typesupport_c: rosidl_typesupport_fastrtps_c;rosidl_typesupport_introspection_c
-- Using all available rosidl_typesupport_cpp: rosidl_typesupport_fastrtps_cpp;rosidl_typesupport_introspection_cpp
-- Found rmw_implementation_cmake: 7.3.1 (/opt/ros/jazzy/share/rmw_implementation_cmake/cmake)
-- Found rmw_fastrtps_cpp: 8.4.1 (/opt/ros/jazzy/share/rmw_fastrtps_cpp/cmake)
-- Using RMW implementation 'rmw_fastrtps_cpp' as default
-- Found status_interfaces: 0.0.0 (/home/parallels/dev/ros2/fishros/chapt3/topic_practice_ws/install/status_interfaces/share/status_interfaces/cmake)
-- Found ament_lint_auto: 0.17.1 (/opt/ros/jazzy/share/ament_lint_auto/cmake)
-- Added test 'cppcheck' to perform static code analysis on C / C++ code
-- Configured cppcheck include dirs: 
-- Configured cppcheck exclude dirs and/or files: 
-- Added test 'lint_cmake' to check CMake code style
-- Added test 'uncrustify' to check C / C++ code style
-- Configured uncrustify additional arguments: 
-- Added test 'xmllint' to check XML markup files
-- Configuring done (0.4s)
-- Generating done (0.0s)
-- Build files have been written to: /home/parallels/dev/ros2/fishros/chapt3/topic_practice_ws/build/status_display
[ 50%] [32mBuilding CXX object CMakeFiles/hello_qt.dir/src/hello_qt.cpp.o[0m
[01m[K/home/parallels/dev/ros2/fishros/chapt3/topic_practice_ws/src/status_display/src/hello_qt.cpp:[m[K In function â€˜[01m[Kint[01;32m[K main[m[K(int, char**)[m[Kâ€™:
[01m[K/home/parallels/dev/ros2/fishros/chapt3/topic_practice_ws/src/status_display/src/hello_qt.cpp:8:20:[m[K [01;31m[Kerror: [m[Kconversion from â€˜[01m[KQLabel*[m[Kâ€™ to non-scalar type â€˜[01m[KQLabel[m[Kâ€™ requested
    8 |     QLabel label = [01;31m[Knew QLabel()[m[K;
      |                    [01;31m[K^~~~~~~~~~~~[m[K
gmake[2]: *** [CMakeFiles/hello_qt.dir/build.make:76: CMakeFiles/hello_qt.dir/src/hello_qt.cpp.o] Error 1
gmake[1]: *** [CMakeFiles/Makefile2:137: CMakeFiles/hello_qt.dir/all] Error 2
gmake: *** [Makefile:146: all] Error 2
