[ 50%] Built target turtle_control
[ 75%] [32mBuilding CXX object CMakeFiles/patrol_client.dir/src/patrol_client.cpp.o[0m
[01m[K/home/parallels/dev/ros2/fishros/chapt4/chapt4_ws/src/demo_cpp_service/src/patrol_client.cpp:[m[K In lambda function:
[01m[K/home/parallels/dev/ros2/fishros/chapt4/chapt4_ws/src/demo_cpp_service/src/patrol_client.cpp:39:13:[m[K [01;31m[Kerror: [m[Kâ€˜[01m[Kthis_[m[Kâ€™ was not declared in this scope; did you mean â€˜[01m[Kthis[m[Kâ€™?
   39 |             [01;31m[Kthis_[m[K>client_->async_send_request(request, [&](rclcpp::Client<Patrol>::SharedFuture result_future)-> void{
      |             [01;31m[K^~~~~[m[K
      |             [32m[Kthis[m[K
gmake[2]: *** [CMakeFiles/patrol_client.dir/build.make:76: CMakeFiles/patrol_client.dir/src/patrol_client.cpp.o] Error 1
gmake[1]: *** [CMakeFiles/Makefile2:165: CMakeFiles/patrol_client.dir/all] Error 2
gmake: *** [Makefile:146: all] Error 2
